{"uuid":"3f25c42c-cd9a-4004-92b3-d27e5a10b4a6","historyId":"d3f7f15b783145b6597f04ddef1614ab","fullName":"Naviguer sur sit Hermes: test","labels":[{"name":"host","value":"IBM-PF1NTJAC"},{"name":"thread","value":"2880@IBM-PF1NTJAC.main(1)"},{"name":"feature","value":"Naviguer sur sit Hermes"},{"name":"story","value":"test"},{"name":"suite","value":"Naviguer sur sit Hermes"},{"name":"testClass","value":"test"},{"name":"framework","value":"cucumber4jvm"},{"name":"language","value":"java"},{"name":"gherkin_uri","value":"file:///C:/Abdelrazak/Eclipse/Hermes/src/test/resources/cucumber/PT-11.feature"},{"name":"package","value":"src.test.resources.cucumber.PT-11_feature.Naviguer sur sit Hermes"}],"links":[],"name":"test","status":"broken","statusDetails":{"known":false,"muted":false,"flaky":false,"message":"Given xpath expression \"/html/body/div[1]/div[5]/cmstags:gdprcookieconsentdetails/div[4]/div[4]/div/div/div[1]/div[2]/a\" is invalid: NamespaceError: An attempt was made to create or change an object in a way which is incorrect with regard to namespaces\nFor documentation on this error, please visit: https://selenium.dev/exceptions/#invalid_selector_exception\nBuild info: version: '4.1.4', revision: '535d840ee2'\nSystem info: host: 'IBM-PF1NTJAC', ip: '172.26.96.1', os.name: 'Windows 10', os.arch: 'amd64', os.version: '10.0', java.version: '17.0.2'\nDriver info: org.openqa.selenium.firefox.FirefoxDriver\nCommand: [d9b621ff-b422-48ef-ade5-2b6d8abd44ea, findElement {using=xpath, value=/html/body/div[1]/div[5]/cmstags:gdprcookieconsentdetails/div[4]/div[4]/div/div/div[1]/div[2]/a}]\nCapabilities {acceptInsecureCerts: true, browserName: firefox, browserVersion: 103.0.2, javascriptEnabled: true, moz:accessibilityChecks: false, moz:buildID: 20220808125904, moz:debuggerAddress: localhost:62601, moz:geckodriverVersion: 0.31.0, moz:headless: false, moz:platformVersion: 10.0, moz:processID: 28468, moz:profile: C:\\Users\\Y9G4CD~1\\AppData\\L..., moz:shutdownTimeout: 60000, moz:useNonSpecCompliantPointerOrigin: false, moz:webdriverClick: true, moz:windowless: false, pageLoadStrategy: normal, platform: WINDOWS, platformName: WINDOWS, proxy: Proxy(), se:cdp: ws://localhost:62601/devtoo..., se:cdpVersion: 85.0, setWindowRect: true, strictFileInteractability: false, timeouts: {implicit: 0, pageLoad: 300000, script: 30000}, unhandledPromptBehavior: dismiss and notify}\nSession ID: d9b621ff-b422-48ef-ade5-2b6d8abd44ea","trace":"org.openqa.selenium.InvalidSelectorException: Given xpath expression \"/html/body/div[1]/div[5]/cmstags:gdprcookieconsentdetails/div[4]/div[4]/div/div/div[1]/div[2]/a\" is invalid: NamespaceError: An attempt was made to create or change an object in a way which is incorrect with regard to namespaces\nFor documentation on this error, please visit: https://selenium.dev/exceptions/#invalid_selector_exception\nBuild info: version: '4.1.4', revision: '535d840ee2'\nSystem info: host: 'IBM-PF1NTJAC', ip: '172.26.96.1', os.name: 'Windows 10', os.arch: 'amd64', os.version: '10.0', java.version: '17.0.2'\nDriver info: org.openqa.selenium.firefox.FirefoxDriver\nCommand: [d9b621ff-b422-48ef-ade5-2b6d8abd44ea, findElement {using=xpath, value=/html/body/div[1]/div[5]/cmstags:gdprcookieconsentdetails/div[4]/div[4]/div/div/div[1]/div[2]/a}]\nCapabilities {acceptInsecureCerts: true, browserName: firefox, browserVersion: 103.0.2, javascriptEnabled: true, moz:accessibilityChecks: false, moz:buildID: 20220808125904, moz:debuggerAddress: localhost:62601, moz:geckodriverVersion: 0.31.0, moz:headless: false, moz:platformVersion: 10.0, moz:processID: 28468, moz:profile: C:\\Users\\Y9G4CD~1\\AppData\\L..., moz:shutdownTimeout: 60000, moz:useNonSpecCompliantPointerOrigin: false, moz:webdriverClick: true, moz:windowless: false, pageLoadStrategy: normal, platform: WINDOWS, platformName: WINDOWS, proxy: Proxy(), se:cdp: ws://localhost:62601/devtoo..., se:cdpVersion: 85.0, setWindowRect: true, strictFileInteractability: false, timeouts: {implicit: 0, pageLoad: 300000, script: 30000}, unhandledPromptBehavior: dismiss and notify}\nSession ID: d9b621ff-b422-48ef-ade5-2b6d8abd44ea\r\n\tat java.base/jdk.internal.reflect.NativeConstructorAccessorImpl.newInstance0(Native Method)\r\n\tat java.base/jdk.internal.reflect.NativeConstructorAccessorImpl.newInstance(NativeConstructorAccessorImpl.java:77)\r\n\tat java.base/jdk.internal.reflect.DelegatingConstructorAccessorImpl.newInstance(DelegatingConstructorAccessorImpl.java:45)\r\n\tat java.base/java.lang.reflect.Constructor.newInstanceWithCaller(Constructor.java:499)\r\n\tat java.base/java.lang.reflect.Constructor.newInstance(Constructor.java:480)\r\n\tat org.openqa.selenium.remote.codec.w3c.W3CHttpResponseCodec.createException(W3CHttpResponseCodec.java:200)\r\n\tat org.openqa.selenium.remote.codec.w3c.W3CHttpResponseCodec.decode(W3CHttpResponseCodec.java:133)\r\n\tat org.openqa.selenium.remote.codec.w3c.W3CHttpResponseCodec.decode(W3CHttpResponseCodec.java:53)\r\n\tat org.openqa.selenium.remote.HttpCommandExecutor.execute(HttpCommandExecutor.java:184)\r\n\tat org.openqa.selenium.remote.service.DriverCommandExecutor.invokeExecute(DriverCommandExecutor.java:167)\r\n\tat org.openqa.selenium.remote.service.DriverCommandExecutor.execute(DriverCommandExecutor.java:142)\r\n\tat org.openqa.selenium.remote.RemoteWebDriver.execute(RemoteWebDriver.java:567)\r\n\tat org.openqa.selenium.remote.ElementLocation$ElementFinder$2.findElement(ElementLocation.java:162)\r\n\tat org.openqa.selenium.remote.ElementLocation.findElement(ElementLocation.java:60)\r\n\tat org.openqa.selenium.remote.RemoteWebDriver.findElement(RemoteWebDriver.java:385)\r\n\tat org.openqa.selenium.remote.RemoteWebDriver.findElement(RemoteWebDriver.java:377)\r\n\tat stepDef.Rexel_test.appuyer_produit(Rexel_test.java:78)\r\n\tat ✽.appuie sur un produit(file:///C:/Abdelrazak/Eclipse/Hermes/src/test/resources/cucumber/PT-11.feature:30)\r\n"},"stage":"finished","steps":[{"name":"Given  Je navigue sur le site Rexel boutique","status":"passed","statusDetails":{"known":false,"muted":false,"flaky":false},"stage":"finished","steps":[],"attachments":[],"parameters":[],"start":1660731399041,"stop":1660731407637},{"name":"And  appuie sur selection produits","status":"passed","statusDetails":{"known":false,"muted":false,"flaky":false},"stage":"finished","steps":[],"attachments":[],"parameters":[],"start":1660731407639,"stop":1660731408233},{"name":"And  appuie sur un produit","status":"broken","statusDetails":{"known":false,"muted":false,"flaky":false,"message":"Given xpath expression \"/html/body/div[1]/div[5]/cmstags:gdprcookieconsentdetails/div[4]/div[4]/div/div/div[1]/div[2]/a\" is invalid: NamespaceError: An attempt was made to create or change an object in a way which is incorrect with regard to namespaces\nFor documentation on this error, please visit: https://selenium.dev/exceptions/#invalid_selector_exception\nBuild info: version: '4.1.4', revision: '535d840ee2'\nSystem info: host: 'IBM-PF1NTJAC', ip: '172.26.96.1', os.name: 'Windows 10', os.arch: 'amd64', os.version: '10.0', java.version: '17.0.2'\nDriver info: org.openqa.selenium.firefox.FirefoxDriver\nCommand: [d9b621ff-b422-48ef-ade5-2b6d8abd44ea, findElement {using=xpath, value=/html/body/div[1]/div[5]/cmstags:gdprcookieconsentdetails/div[4]/div[4]/div/div/div[1]/div[2]/a}]\nCapabilities {acceptInsecureCerts: true, browserName: firefox, browserVersion: 103.0.2, javascriptEnabled: true, moz:accessibilityChecks: false, moz:buildID: 20220808125904, moz:debuggerAddress: localhost:62601, moz:geckodriverVersion: 0.31.0, moz:headless: false, moz:platformVersion: 10.0, moz:processID: 28468, moz:profile: C:\\Users\\Y9G4CD~1\\AppData\\L..., moz:shutdownTimeout: 60000, moz:useNonSpecCompliantPointerOrigin: false, moz:webdriverClick: true, moz:windowless: false, pageLoadStrategy: normal, platform: WINDOWS, platformName: WINDOWS, proxy: Proxy(), se:cdp: ws://localhost:62601/devtoo..., se:cdpVersion: 85.0, setWindowRect: true, strictFileInteractability: false, timeouts: {implicit: 0, pageLoad: 300000, script: 30000}, unhandledPromptBehavior: dismiss and notify}\nSession ID: d9b621ff-b422-48ef-ade5-2b6d8abd44ea","trace":"org.openqa.selenium.InvalidSelectorException: Given xpath expression \"/html/body/div[1]/div[5]/cmstags:gdprcookieconsentdetails/div[4]/div[4]/div/div/div[1]/div[2]/a\" is invalid: NamespaceError: An attempt was made to create or change an object in a way which is incorrect with regard to namespaces\nFor documentation on this error, please visit: https://selenium.dev/exceptions/#invalid_selector_exception\nBuild info: version: '4.1.4', revision: '535d840ee2'\nSystem info: host: 'IBM-PF1NTJAC', ip: '172.26.96.1', os.name: 'Windows 10', os.arch: 'amd64', os.version: '10.0', java.version: '17.0.2'\nDriver info: org.openqa.selenium.firefox.FirefoxDriver\nCommand: [d9b621ff-b422-48ef-ade5-2b6d8abd44ea, findElement {using=xpath, value=/html/body/div[1]/div[5]/cmstags:gdprcookieconsentdetails/div[4]/div[4]/div/div/div[1]/div[2]/a}]\nCapabilities {acceptInsecureCerts: true, browserName: firefox, browserVersion: 103.0.2, javascriptEnabled: true, moz:accessibilityChecks: false, moz:buildID: 20220808125904, moz:debuggerAddress: localhost:62601, moz:geckodriverVersion: 0.31.0, moz:headless: false, moz:platformVersion: 10.0, moz:processID: 28468, moz:profile: C:\\Users\\Y9G4CD~1\\AppData\\L..., moz:shutdownTimeout: 60000, moz:useNonSpecCompliantPointerOrigin: false, moz:webdriverClick: true, moz:windowless: false, pageLoadStrategy: normal, platform: WINDOWS, platformName: WINDOWS, proxy: Proxy(), se:cdp: ws://localhost:62601/devtoo..., se:cdpVersion: 85.0, setWindowRect: true, strictFileInteractability: false, timeouts: {implicit: 0, pageLoad: 300000, script: 30000}, unhandledPromptBehavior: dismiss and notify}\nSession ID: d9b621ff-b422-48ef-ade5-2b6d8abd44ea\r\n\tat java.base/jdk.internal.reflect.NativeConstructorAccessorImpl.newInstance0(Native Method)\r\n\tat java.base/jdk.internal.reflect.NativeConstructorAccessorImpl.newInstance(NativeConstructorAccessorImpl.java:77)\r\n\tat java.base/jdk.internal.reflect.DelegatingConstructorAccessorImpl.newInstance(DelegatingConstructorAccessorImpl.java:45)\r\n\tat java.base/java.lang.reflect.Constructor.newInstanceWithCaller(Constructor.java:499)\r\n\tat java.base/java.lang.reflect.Constructor.newInstance(Constructor.java:480)\r\n\tat org.openqa.selenium.remote.codec.w3c.W3CHttpResponseCodec.createException(W3CHttpResponseCodec.java:200)\r\n\tat org.openqa.selenium.remote.codec.w3c.W3CHttpResponseCodec.decode(W3CHttpResponseCodec.java:133)\r\n\tat org.openqa.selenium.remote.codec.w3c.W3CHttpResponseCodec.decode(W3CHttpResponseCodec.java:53)\r\n\tat org.openqa.selenium.remote.HttpCommandExecutor.execute(HttpCommandExecutor.java:184)\r\n\tat org.openqa.selenium.remote.service.DriverCommandExecutor.invokeExecute(DriverCommandExecutor.java:167)\r\n\tat org.openqa.selenium.remote.service.DriverCommandExecutor.execute(DriverCommandExecutor.java:142)\r\n\tat org.openqa.selenium.remote.RemoteWebDriver.execute(RemoteWebDriver.java:567)\r\n\tat org.openqa.selenium.remote.ElementLocation$ElementFinder$2.findElement(ElementLocation.java:162)\r\n\tat org.openqa.selenium.remote.ElementLocation.findElement(ElementLocation.java:60)\r\n\tat org.openqa.selenium.remote.RemoteWebDriver.findElement(RemoteWebDriver.java:385)\r\n\tat org.openqa.selenium.remote.RemoteWebDriver.findElement(RemoteWebDriver.java:377)\r\n\tat stepDef.Rexel_test.appuyer_produit(Rexel_test.java:78)\r\n\tat ✽.appuie sur un produit(file:///C:/Abdelrazak/Eclipse/Hermes/src/test/resources/cucumber/PT-11.feature:30)\r\n"},"stage":"finished","steps":[],"attachments":[],"parameters":[],"start":1660731408234,"stop":1660731408322}],"attachments":[],"parameters":[],"start":1660731394428,"stop":1660731408333}