{"uuid":"cd99685a-5450-49bf-bb7d-0bf13021415f","historyId":"d3f7f15b783145b6597f04ddef1614ab","fullName":"Naviguer sur sit Hermes: test","labels":[{"name":"host","value":"IBM-PF1NTJAC"},{"name":"thread","value":"10380@IBM-PF1NTJAC.main(1)"},{"name":"feature","value":"Naviguer sur sit Hermes"},{"name":"story","value":"test"},{"name":"suite","value":"Naviguer sur sit Hermes"},{"name":"testClass","value":"test"},{"name":"framework","value":"cucumber4jvm"},{"name":"language","value":"java"},{"name":"gherkin_uri","value":"file:///C:/Abdelrazak/Eclipse/Hermes/src/test/resources/cucumber/PT-11.feature"},{"name":"package","value":"src.test.resources.cucumber.PT-11_feature.Naviguer sur sit Hermes"}],"links":[],"name":"test","status":"broken","statusDetails":{"known":false,"muted":false,"flaky":false,"message":"Given xpath expression \"/html/body/div[1]/div[5]/cmstags:gdprcookieconsentdetails/div[4]/div[5]/div/div/div[2]/a\" is invalid: NamespaceError: An attempt was made to create or change an object in a way which is incorrect with regard to namespaces\nFor documentation on this error, please visit: https://selenium.dev/exceptions/#invalid_selector_exception\nBuild info: version: '4.1.4', revision: '535d840ee2'\nSystem info: host: 'IBM-PF1NTJAC', ip: '172.26.96.1', os.name: 'Windows 10', os.arch: 'amd64', os.version: '10.0', java.version: '17.0.2'\nDriver info: org.openqa.selenium.firefox.FirefoxDriver\nCommand: [8fdbaef5-f25b-4a04-87a8-6b0c0d8209af, findElement {using=xpath, value=/html/body/div[1]/div[5]/cmstags:gdprcookieconsentdetails/div[4]/div[5]/div/div/div[2]/a}]\nCapabilities {acceptInsecureCerts: true, browserName: firefox, browserVersion: 103.0.2, javascriptEnabled: true, moz:accessibilityChecks: false, moz:buildID: 20220808125904, moz:debuggerAddress: localhost:50362, moz:geckodriverVersion: 0.31.0, moz:headless: false, moz:platformVersion: 10.0, moz:processID: 27988, moz:profile: C:\\Users\\Y9G4CD~1\\AppData\\L..., moz:shutdownTimeout: 60000, moz:useNonSpecCompliantPointerOrigin: false, moz:webdriverClick: true, moz:windowless: false, pageLoadStrategy: normal, platform: WINDOWS, platformName: WINDOWS, proxy: Proxy(), se:cdp: ws://localhost:50362/devtoo..., se:cdpVersion: 85.0, setWindowRect: true, strictFileInteractability: false, timeouts: {implicit: 0, pageLoad: 300000, script: 30000}, unhandledPromptBehavior: dismiss and notify}\nSession ID: 8fdbaef5-f25b-4a04-87a8-6b0c0d8209af","trace":"org.openqa.selenium.InvalidSelectorException: Given xpath expression \"/html/body/div[1]/div[5]/cmstags:gdprcookieconsentdetails/div[4]/div[5]/div/div/div[2]/a\" is invalid: NamespaceError: An attempt was made to create or change an object in a way which is incorrect with regard to namespaces\nFor documentation on this error, please visit: https://selenium.dev/exceptions/#invalid_selector_exception\nBuild info: version: '4.1.4', revision: '535d840ee2'\nSystem info: host: 'IBM-PF1NTJAC', ip: '172.26.96.1', os.name: 'Windows 10', os.arch: 'amd64', os.version: '10.0', java.version: '17.0.2'\nDriver info: org.openqa.selenium.firefox.FirefoxDriver\nCommand: [8fdbaef5-f25b-4a04-87a8-6b0c0d8209af, findElement {using=xpath, value=/html/body/div[1]/div[5]/cmstags:gdprcookieconsentdetails/div[4]/div[5]/div/div/div[2]/a}]\nCapabilities {acceptInsecureCerts: true, browserName: firefox, browserVersion: 103.0.2, javascriptEnabled: true, moz:accessibilityChecks: false, moz:buildID: 20220808125904, moz:debuggerAddress: localhost:50362, moz:geckodriverVersion: 0.31.0, moz:headless: false, moz:platformVersion: 10.0, moz:processID: 27988, moz:profile: C:\\Users\\Y9G4CD~1\\AppData\\L..., moz:shutdownTimeout: 60000, moz:useNonSpecCompliantPointerOrigin: false, moz:webdriverClick: true, moz:windowless: false, pageLoadStrategy: normal, platform: WINDOWS, platformName: WINDOWS, proxy: Proxy(), se:cdp: ws://localhost:50362/devtoo..., se:cdpVersion: 85.0, setWindowRect: true, strictFileInteractability: false, timeouts: {implicit: 0, pageLoad: 300000, script: 30000}, unhandledPromptBehavior: dismiss and notify}\nSession ID: 8fdbaef5-f25b-4a04-87a8-6b0c0d8209af\r\n\tat java.base/jdk.internal.reflect.NativeConstructorAccessorImpl.newInstance0(Native Method)\r\n\tat java.base/jdk.internal.reflect.NativeConstructorAccessorImpl.newInstance(NativeConstructorAccessorImpl.java:77)\r\n\tat java.base/jdk.internal.reflect.DelegatingConstructorAccessorImpl.newInstance(DelegatingConstructorAccessorImpl.java:45)\r\n\tat java.base/java.lang.reflect.Constructor.newInstanceWithCaller(Constructor.java:499)\r\n\tat java.base/java.lang.reflect.Constructor.newInstance(Constructor.java:480)\r\n\tat org.openqa.selenium.remote.codec.w3c.W3CHttpResponseCodec.createException(W3CHttpResponseCodec.java:200)\r\n\tat org.openqa.selenium.remote.codec.w3c.W3CHttpResponseCodec.decode(W3CHttpResponseCodec.java:133)\r\n\tat org.openqa.selenium.remote.codec.w3c.W3CHttpResponseCodec.decode(W3CHttpResponseCodec.java:53)\r\n\tat org.openqa.selenium.remote.HttpCommandExecutor.execute(HttpCommandExecutor.java:184)\r\n\tat org.openqa.selenium.remote.service.DriverCommandExecutor.invokeExecute(DriverCommandExecutor.java:167)\r\n\tat org.openqa.selenium.remote.service.DriverCommandExecutor.execute(DriverCommandExecutor.java:142)\r\n\tat org.openqa.selenium.remote.RemoteWebDriver.execute(RemoteWebDriver.java:567)\r\n\tat org.openqa.selenium.remote.ElementLocation$ElementFinder$2.findElement(ElementLocation.java:162)\r\n\tat org.openqa.selenium.remote.ElementLocation.findElement(ElementLocation.java:60)\r\n\tat org.openqa.selenium.remote.RemoteWebDriver.findElement(RemoteWebDriver.java:385)\r\n\tat org.openqa.selenium.remote.RemoteWebDriver.findElement(RemoteWebDriver.java:377)\r\n\tat java.base/jdk.internal.reflect.NativeMethodAccessorImpl.invoke0(Native Method)\r\n\tat java.base/jdk.internal.reflect.NativeMethodAccessorImpl.invoke(NativeMethodAccessorImpl.java:77)\r\n\tat java.base/jdk.internal.reflect.DelegatingMethodAccessorImpl.invoke(DelegatingMethodAccessorImpl.java:43)\r\n\tat java.base/java.lang.reflect.Method.invoke(Method.java:568)\r\n\tat org.openqa.selenium.support.events.EventFiringWebDriver.lambda$new$1(EventFiringWebDriver.java:115)\r\n\tat jdk.proxy2/jdk.proxy2.$Proxy24.findElement(Unknown Source)\r\n\tat org.openqa.selenium.support.events.EventFiringWebDriver.findElement(EventFiringWebDriver.java:204)\r\n\tat stepDef.Rexel_test.choisir_element(Rexel_test.java:105)\r\n\tat ✽.choisir ventilation depuis la liste(file:///C:/Abdelrazak/Eclipse/Hermes/src/test/resources/cucumber/PT-11.feature:31)\r\n"},"stage":"finished","steps":[{"name":"Given  Je navigue sur le site Rexel boutique","status":"passed","statusDetails":{"known":false,"muted":false,"flaky":false},"stage":"finished","steps":[],"attachments":[],"parameters":[],"start":1660737657924,"stop":1660737666386},{"name":"And  appuie sur selection produits","status":"passed","statusDetails":{"known":false,"muted":false,"flaky":false},"stage":"finished","steps":[],"attachments":[],"parameters":[],"start":1660737666388,"stop":1660737667024},{"name":"And  appuie sur un produit","status":"passed","statusDetails":{"known":false,"muted":false,"flaky":false},"stage":"finished","steps":[],"attachments":[],"parameters":[],"start":1660737667025,"stop":1660737671541},{"name":"And  choisir ventilation depuis la liste","status":"broken","statusDetails":{"known":false,"muted":false,"flaky":false,"message":"Given xpath expression \"/html/body/div[1]/div[5]/cmstags:gdprcookieconsentdetails/div[4]/div[5]/div/div/div[2]/a\" is invalid: NamespaceError: An attempt was made to create or change an object in a way which is incorrect with regard to namespaces\nFor documentation on this error, please visit: https://selenium.dev/exceptions/#invalid_selector_exception\nBuild info: version: '4.1.4', revision: '535d840ee2'\nSystem info: host: 'IBM-PF1NTJAC', ip: '172.26.96.1', os.name: 'Windows 10', os.arch: 'amd64', os.version: '10.0', java.version: '17.0.2'\nDriver info: org.openqa.selenium.firefox.FirefoxDriver\nCommand: [8fdbaef5-f25b-4a04-87a8-6b0c0d8209af, findElement {using=xpath, value=/html/body/div[1]/div[5]/cmstags:gdprcookieconsentdetails/div[4]/div[5]/div/div/div[2]/a}]\nCapabilities {acceptInsecureCerts: true, browserName: firefox, browserVersion: 103.0.2, javascriptEnabled: true, moz:accessibilityChecks: false, moz:buildID: 20220808125904, moz:debuggerAddress: localhost:50362, moz:geckodriverVersion: 0.31.0, moz:headless: false, moz:platformVersion: 10.0, moz:processID: 27988, moz:profile: C:\\Users\\Y9G4CD~1\\AppData\\L..., moz:shutdownTimeout: 60000, moz:useNonSpecCompliantPointerOrigin: false, moz:webdriverClick: true, moz:windowless: false, pageLoadStrategy: normal, platform: WINDOWS, platformName: WINDOWS, proxy: Proxy(), se:cdp: ws://localhost:50362/devtoo..., se:cdpVersion: 85.0, setWindowRect: true, strictFileInteractability: false, timeouts: {implicit: 0, pageLoad: 300000, script: 30000}, unhandledPromptBehavior: dismiss and notify}\nSession ID: 8fdbaef5-f25b-4a04-87a8-6b0c0d8209af","trace":"org.openqa.selenium.InvalidSelectorException: Given xpath expression \"/html/body/div[1]/div[5]/cmstags:gdprcookieconsentdetails/div[4]/div[5]/div/div/div[2]/a\" is invalid: NamespaceError: An attempt was made to create or change an object in a way which is incorrect with regard to namespaces\nFor documentation on this error, please visit: https://selenium.dev/exceptions/#invalid_selector_exception\nBuild info: version: '4.1.4', revision: '535d840ee2'\nSystem info: host: 'IBM-PF1NTJAC', ip: '172.26.96.1', os.name: 'Windows 10', os.arch: 'amd64', os.version: '10.0', java.version: '17.0.2'\nDriver info: org.openqa.selenium.firefox.FirefoxDriver\nCommand: [8fdbaef5-f25b-4a04-87a8-6b0c0d8209af, findElement {using=xpath, value=/html/body/div[1]/div[5]/cmstags:gdprcookieconsentdetails/div[4]/div[5]/div/div/div[2]/a}]\nCapabilities {acceptInsecureCerts: true, browserName: firefox, browserVersion: 103.0.2, javascriptEnabled: true, moz:accessibilityChecks: false, moz:buildID: 20220808125904, moz:debuggerAddress: localhost:50362, moz:geckodriverVersion: 0.31.0, moz:headless: false, moz:platformVersion: 10.0, moz:processID: 27988, moz:profile: C:\\Users\\Y9G4CD~1\\AppData\\L..., moz:shutdownTimeout: 60000, moz:useNonSpecCompliantPointerOrigin: false, moz:webdriverClick: true, moz:windowless: false, pageLoadStrategy: normal, platform: WINDOWS, platformName: WINDOWS, proxy: Proxy(), se:cdp: ws://localhost:50362/devtoo..., se:cdpVersion: 85.0, setWindowRect: true, strictFileInteractability: false, timeouts: {implicit: 0, pageLoad: 300000, script: 30000}, unhandledPromptBehavior: dismiss and notify}\nSession ID: 8fdbaef5-f25b-4a04-87a8-6b0c0d8209af\r\n\tat java.base/jdk.internal.reflect.NativeConstructorAccessorImpl.newInstance0(Native Method)\r\n\tat java.base/jdk.internal.reflect.NativeConstructorAccessorImpl.newInstance(NativeConstructorAccessorImpl.java:77)\r\n\tat java.base/jdk.internal.reflect.DelegatingConstructorAccessorImpl.newInstance(DelegatingConstructorAccessorImpl.java:45)\r\n\tat java.base/java.lang.reflect.Constructor.newInstanceWithCaller(Constructor.java:499)\r\n\tat java.base/java.lang.reflect.Constructor.newInstance(Constructor.java:480)\r\n\tat org.openqa.selenium.remote.codec.w3c.W3CHttpResponseCodec.createException(W3CHttpResponseCodec.java:200)\r\n\tat org.openqa.selenium.remote.codec.w3c.W3CHttpResponseCodec.decode(W3CHttpResponseCodec.java:133)\r\n\tat org.openqa.selenium.remote.codec.w3c.W3CHttpResponseCodec.decode(W3CHttpResponseCodec.java:53)\r\n\tat org.openqa.selenium.remote.HttpCommandExecutor.execute(HttpCommandExecutor.java:184)\r\n\tat org.openqa.selenium.remote.service.DriverCommandExecutor.invokeExecute(DriverCommandExecutor.java:167)\r\n\tat org.openqa.selenium.remote.service.DriverCommandExecutor.execute(DriverCommandExecutor.java:142)\r\n\tat org.openqa.selenium.remote.RemoteWebDriver.execute(RemoteWebDriver.java:567)\r\n\tat org.openqa.selenium.remote.ElementLocation$ElementFinder$2.findElement(ElementLocation.java:162)\r\n\tat org.openqa.selenium.remote.ElementLocation.findElement(ElementLocation.java:60)\r\n\tat org.openqa.selenium.remote.RemoteWebDriver.findElement(RemoteWebDriver.java:385)\r\n\tat org.openqa.selenium.remote.RemoteWebDriver.findElement(RemoteWebDriver.java:377)\r\n\tat java.base/jdk.internal.reflect.NativeMethodAccessorImpl.invoke0(Native Method)\r\n\tat java.base/jdk.internal.reflect.NativeMethodAccessorImpl.invoke(NativeMethodAccessorImpl.java:77)\r\n\tat java.base/jdk.internal.reflect.DelegatingMethodAccessorImpl.invoke(DelegatingMethodAccessorImpl.java:43)\r\n\tat java.base/java.lang.reflect.Method.invoke(Method.java:568)\r\n\tat org.openqa.selenium.support.events.EventFiringWebDriver.lambda$new$1(EventFiringWebDriver.java:115)\r\n\tat jdk.proxy2/jdk.proxy2.$Proxy24.findElement(Unknown Source)\r\n\tat org.openqa.selenium.support.events.EventFiringWebDriver.findElement(EventFiringWebDriver.java:204)\r\n\tat stepDef.Rexel_test.choisir_element(Rexel_test.java:105)\r\n\tat ✽.choisir ventilation depuis la liste(file:///C:/Abdelrazak/Eclipse/Hermes/src/test/resources/cucumber/PT-11.feature:31)\r\n"},"stage":"finished","steps":[],"attachments":[],"parameters":[],"start":1660737671542,"stop":1660737672087}],"attachments":[],"parameters":[],"start":1660737651526,"stop":1660737672093}